-------------------------------------------------------------------------------
Test set: TrainControllerTest
-------------------------------------------------------------------------------
Tests run: 1, Failures: 0, Errors: 1, Skipped: 0, Time elapsed: 0.378 s <<< FAILURE! - in TrainControllerTest
addTrain(TrainControllerTest)  Time elapsed: 0.331 s  <<< ERROR!
java.lang.IllegalStateException: Failed to load ApplicationContext
Caused by: org.springframework.beans.factory.BeanDefinitionStoreException: IOException parsing XML document from class path resource [spring.xml]; nested exception is java.io.FileNotFoundException: class path resource [spring.xml] cannot be opened because it does not exist
Caused by: java.io.FileNotFoundException: class path resource [spring.xml] cannot be opened because it does not exist

